v0.1
**************** >= should do these below **********************
change from: CONFIG_DEFAULT_dnsmasq=y
         to: CONFIG_DEFAULT_dnsmasq-full=y
change from: CONFIG_DEFAULT_kmod-r8169=y
         to: CONFIG_DEFAULT_kmod-r8125-rss=y
**************** >= should do these above **********************
========================================================================================
Rockchip
FriendlyARM NanoPC T6
tar.gz
	---- Include ShadowsocksR Libev Server
(512) Kernel partition size (in MiB)
(1024) Root filesystem partition size (in MiB)
luci-app-banip
luci-app-diskman
Include kmod-md-raid456
Include kmod-md-linear 
luci-app-dockerman
luci-app-firewall
luci-app-passwall
Include NaiveProxy
Include Hysteria
	---- Include Shadowsocks Rust Client
	---- shadowsocks-rust-sslocal
Include ShadowsocksR Libev Server
Include ShadowsocksR Libev Client
Include tuic-client
Include V2ray_Geodata
Include Xray-Plugin (Shadowsocks Plugin)
luci-app-samba4
luci-app-statistics
luci-app-ttyd
luci-app-turboacc
luci-ssl-openssl
Minify Lua sources
Simplified Chinese (zh_Hans)
Traditional Chinese (zh_Hant)
openssh-sftp-server
ss
rsync
Enable lz4, extremely fast compression
Enable xxhash, extremely fast hash 
ncat
nmap
ffmpeg
unrar
unzip
fdisk
nvme-cli
hexedit
vim
dosfstools
exfat-fsck
exfat-mkfs
ntfs-3g
resize2fs
bash
zsh
tmux
adb
losetup
tree
rtl8852be-firmware
kmod-rtw89-8852be
kmod-fs-exfat
kmod-fs-ext4
kmod-fs-ntfs3
kmod-md-linear
kmod-md-multipath
kmod-nvme
kmod-r8125-rss
	---- kmod-mii
	---- kmod-r8169
	---- kmod-phy-realtek
	---- r8169-firmware
	---- dnsmasq
blockd ****
Elliptic curve cryptography (ECC)
Elliptic curve cryptography (ECC), full support
	---- U2F/FIDO support
	---- Enable agent forwarding in dbclient [LEGACY/SECURITY]
	---- Enable agent forwarding [LEGACY/SECURITY]
kmod-nls-cp936
kmod-nls-cp950
kmod-nls-utf8

v0.2
========================================================================================
htop
diffutils
ledumon
patch
tmon
trace-cmd
git-http
comgt-ncm
umbim
uqmi
wireless-tools
wpad-basic
iw-full
	---- iw
wpa-cli
luci-proto-3g
luci-proto-mbim
luci-proto-modemmanager
luci-proto-qmi
mbim-utils
qmi-utils
fail2ban
	---- NetBIOS support

v0.3
========================================================================================
	---- luci-app-banip
	---- banip
ucert-full
gzip
lz4
lsattr
ack
bc
bluez-tools
coreutils-nproc
coreutils-sha512sum
coreutils-who
file
hwinfo
irqbalance
jq
less
lm-sensors-detect
logrotate
lrzsz
lscpu
lsof
maccalc
pciutils
psmisc
pv
qrencode
sipcalc
usbutils

v0.4
========================================================================================
collectd-mod-disk
collectd-mod-sensors
collectd-mod-tcpconns
dos2unix
unix2dos
luci-proto-ncm
fping
iftop
lynx
tcpdump
v2ray-core
v2ray-extra

v0.5.1
========================================================================================
Enable zstd stream compression
	---- Enable lz4, extremely fast compression
	---- lz4
	---- liblz4
Build with zstd support
zstd
use external FUSE library, selects package libfuse 
ntfs-3g-utils
libuhttpd-openssl
libunbound
libuwsc-openssl
MBEDTLS_ECP_DP_CURVE448_ENABLED
kmod-usb-net-ipheth
kmod-usb-net-rndis
lib-drm
libidn2
libinput
moc
sbc
kmod-ata-ahci
kmod-ata-ahci-dwc
kmod-ata-dwc
kmod-fs-vfat
kmod-hwmon-drivetemp
kmod-hwmon-pwmfan
collectd-mod-thermal
kmod-i2c-gpio
kmod-i2c-smbus
kmod-hid-generic
kmod-input-gpio-keys
kmod-input-uinput
kmod-leds-gpio
kmod-ledtrig-activity
kmod-ledtrig-gpio
kmod-ata-ahci-platform
kmod-mmc
kmod-sdhci
kmod-serial-8250
kmod-zram
kmod-spi-dw-mmio
kmod-mtdram
kmod-mtdtests
kmod-mtdev
kmod-block2mtd
kmod-sound-soc-core
kmod-usb-audio
kmod-usb-ehci
kmod-usb-ohci
kmod-usb2
kmod-usb3
kmod-usb-storage-uas
kmod-usb-hid 
kmod-usb-printer
kmod-sound-hda-core
kmod-sound-hda-codec-hdmi
kmod-ledtrig-audio
kmod-dma-buf
kmod-backlight-pwm
kmod-drm-buddy
kmod-drm-display-helper
kmod-drm-ttm
kmod-video-core
kmod-video-fwnode
kmod-vhost-net
libsoc

v0.5.1
========================================================================================
mount-utils
find-utils
